{"level":"info","message":"Extension activated","service":"easy-alt-extension","timestamp":"2024-08-31T06:49:19.614Z"}
{"level":"info","message":"In ProcessDocument: Found 0 img tags","service":"easy-alt-extension","timestamp":"2024-08-31T06:49:19.638Z"}
{"error":{"vslsStack":[{},{},{},{},{},{},{}]},"level":"error","message":"Unhandled rejection:","service":"easy-alt-extension","timestamp":"2024-08-31T06:49:20.648Z"}
{"level":"info","message":"In ProcessDocument: Found 0 img tags","service":"easy-alt-extension","timestamp":"2024-08-31T06:49:20.698Z"}
{"level":"info","message":"In ProcessDocument: Found 0 img tags","service":"easy-alt-extension","timestamp":"2024-08-31T06:49:23.601Z"}
{"error":{"vslsStack":[{},{},{},{},{},{},{}]},"level":"error","message":"Unhandled rejection:","service":"easy-alt-extension","timestamp":"2024-08-31T06:49:25.668Z"}
{"level":"info","message":"In ProcessDocument: Found 0 img tags","service":"easy-alt-extension","timestamp":"2024-08-31T06:49:26.076Z"}
{"level":"info","message":"In ProcessDocument: Found 0 img tags","service":"easy-alt-extension","timestamp":"2024-08-31T06:49:26.408Z"}
{"level":"info","message":"In ProcessDocument: Found 0 img tags","service":"easy-alt-extension","timestamp":"2024-08-31T06:49:26.608Z"}
{"level":"info","message":"In ProcessDocument: Found 0 img tags","service":"easy-alt-extension","timestamp":"2024-08-31T06:49:30.435Z"}
{"error":{"vslsStack":[{},{},{},{},{},{},{}]},"level":"error","message":"Unhandled rejection:","service":"easy-alt-extension","timestamp":"2024-08-31T06:49:30.720Z"}
{"level":"info","message":"In ProcessDocument: Found 0 img tags","service":"easy-alt-extension","timestamp":"2024-08-31T06:49:33.787Z"}
{"error":{"vslsStack":[{},{},{},{},{},{},{}]},"level":"error","message":"Unhandled rejection:","service":"easy-alt-extension","timestamp":"2024-08-31T06:49:35.781Z"}
{"level":"info","message":"In ProcessDocument: Found 0 img tags","service":"easy-alt-extension","timestamp":"2024-08-31T06:49:38.738Z"}
{"level":"info","message":"In ProcessDocument: Found 0 img tags","service":"easy-alt-extension","timestamp":"2024-08-31T06:49:39.059Z"}
{"error":{"vslsStack":[{},{},{},{},{},{},{}]},"level":"error","message":"Unhandled rejection:","service":"easy-alt-extension","timestamp":"2024-08-31T06:49:40.836Z"}
{"error":{"vslsStack":[{},{},{},{},{},{},{}]},"level":"error","message":"Unhandled rejection:","service":"easy-alt-extension","timestamp":"2024-08-31T06:49:45.897Z"}
{"error":{"vslsStack":[{},{},{},{},{},{},{}]},"level":"error","message":"Unhandled rejection:","service":"easy-alt-extension","timestamp":"2024-08-31T06:49:50.978Z"}
{"error":{"vslsStack":[{},{},{},{},{},{},{}]},"level":"error","message":"Unhandled rejection:","service":"easy-alt-extension","timestamp":"2024-08-31T06:49:56.071Z"}
{"error":{"vslsStack":[{},{},{},{},{},{},{}]},"level":"error","message":"Unhandled rejection:","service":"easy-alt-extension","timestamp":"2024-08-31T06:50:01.125Z"}
{"error":{"vslsStack":[{},{},{},{},{},{},{}]},"level":"error","message":"Unhandled rejection:","service":"easy-alt-extension","timestamp":"2024-08-31T06:50:06.185Z"}
{"error":{"vslsStack":[{},{},{},{},{},{},{}]},"level":"error","message":"Unhandled rejection:","service":"easy-alt-extension","timestamp":"2024-08-31T06:50:11.254Z"}
{"error":{"vslsStack":[{},{},{},{},{},{},{},{}]},"level":"error","message":"Unhandled rejection:","service":"easy-alt-extension","timestamp":"2024-08-31T06:50:16.318Z"}
{"error":{"vslsStack":[{},{},{},{},{},{},{}]},"level":"error","message":"Unhandled rejection:","service":"easy-alt-extension","timestamp":"2024-08-31T06:50:21.382Z"}
{"error":{"vslsStack":[{},{},{},{},{},{},{}]},"level":"error","message":"Unhandled rejection:","service":"easy-alt-extension","timestamp":"2024-08-31T06:50:26.449Z"}
{"error":{"vslsStack":[{},{},{}]},"level":"error","message":"Unhandled rejection:","service":"easy-alt-extension","timestamp":"2024-08-31T06:50:30.169Z"}
{"error":{"vslsStack":[{},{},{}]},"level":"error","message":"Unhandled rejection:","service":"easy-alt-extension","timestamp":"2024-08-31T06:50:30.761Z"}
{"error":{"vslsStack":[{},{},{},{},{},{},{}]},"level":"error","message":"Unhandled rejection:","service":"easy-alt-extension","timestamp":"2024-08-31T06:50:31.885Z"}
{"error":{"vslsStack":[{},{},{}]},"level":"error","message":"Unhandled rejection:","service":"easy-alt-extension","timestamp":"2024-08-31T06:50:36.757Z"}
{"error":{"vslsStack":[{},{},{},{},{},{},{}]},"level":"error","message":"Unhandled rejection:","service":"easy-alt-extension","timestamp":"2024-08-31T06:50:36.918Z"}
{"error":{"vslsStack":[{},{},{}]},"level":"error","message":"Unhandled rejection:","service":"easy-alt-extension","timestamp":"2024-08-31T06:50:37.730Z"}
{"error":{"vslsStack":[{},{},{}]},"level":"error","message":"Unhandled rejection:","service":"easy-alt-extension","timestamp":"2024-08-31T06:50:41.674Z"}
{"error":{"vslsStack":[{},{},{}]},"level":"error","message":"Unhandled rejection:","service":"easy-alt-extension","timestamp":"2024-08-31T06:50:42.063Z"}
{"error":{"vslsStack":[{},{},{},{},{},{},{}]},"level":"error","message":"Unhandled rejection:","service":"easy-alt-extension","timestamp":"2024-08-31T06:50:42.093Z"}
{"error":{"vslsStack":[{},{},{},{},{},{},{}]},"level":"error","message":"Unhandled rejection:","service":"easy-alt-extension","timestamp":"2024-08-31T06:50:47.195Z"}
{"error":{"vslsStack":[{},{},{},{},{},{},{}]},"level":"error","message":"Unhandled rejection:","service":"easy-alt-extension","timestamp":"2024-08-31T06:50:52.259Z"}
{"error":{"vslsStack":[{},{},{},{},{},{},{}]},"level":"error","message":"Unhandled rejection:","service":"easy-alt-extension","timestamp":"2024-08-31T06:50:57.323Z"}
{"error":{"vslsStack":[{},{},{},{},{},{},{}]},"level":"error","message":"Unhandled rejection:","service":"easy-alt-extension","timestamp":"2024-08-31T06:51:02.403Z"}
{"error":{"vslsStack":[{},{},{},{},{},{},{}]},"level":"error","message":"Unhandled rejection:","service":"easy-alt-extension","timestamp":"2024-08-31T06:51:07.465Z"}
{"error":{"vslsStack":[{},{},{},{},{},{},{}]},"level":"error","message":"Unhandled rejection:","service":"easy-alt-extension","timestamp":"2024-08-31T06:51:12.527Z"}
{"error":{"vslsStack":[{},{},{},{},{},{},{}]},"level":"error","message":"Unhandled rejection:","service":"easy-alt-extension","timestamp":"2024-08-31T06:51:17.591Z"}
{"error":{"vslsStack":[{},{},{},{},{},{},{}]},"level":"error","message":"Unhandled rejection:","service":"easy-alt-extension","timestamp":"2024-08-31T06:51:22.671Z"}
{"error":{"vslsStack":[{},{},{},{},{},{},{}]},"level":"error","message":"Unhandled rejection:","service":"easy-alt-extension","timestamp":"2024-08-31T06:51:27.740Z"}
{"error":{"vslsStack":[{},{},{},{},{},{},{}]},"level":"error","message":"Unhandled rejection:","service":"easy-alt-extension","timestamp":"2024-08-31T06:51:32.801Z"}
{"error":{"vslsStack":[{},{},{},{},{},{},{}]},"level":"error","message":"Unhandled rejection:","service":"easy-alt-extension","timestamp":"2024-08-31T06:51:37.861Z"}
{"error":{"vslsStack":[{},{},{},{},{},{},{},{}]},"level":"error","message":"Unhandled rejection:","service":"easy-alt-extension","timestamp":"2024-08-31T06:51:42.921Z"}
{"error":{"vslsStack":[{},{},{},{},{},{},{}]},"level":"error","message":"Unhandled rejection:","service":"easy-alt-extension","timestamp":"2024-08-31T06:51:47.977Z"}
{"error":{"vslsStack":[{},{},{},{},{},{},{}]},"level":"error","message":"Unhandled rejection:","service":"easy-alt-extension","timestamp":"2024-08-31T06:51:53.036Z"}
{"error":{"vslsStack":[{},{},{},{},{},{},{}]},"level":"error","message":"Unhandled rejection:","service":"easy-alt-extension","timestamp":"2024-08-31T06:51:58.097Z"}
{"error":{"vslsStack":[{},{},{},{},{},{},{}]},"level":"error","message":"Unhandled rejection:","service":"easy-alt-extension","timestamp":"2024-08-31T06:52:03.148Z"}
{"error":{"vslsStack":[{},{},{},{},{},{},{}]},"level":"error","message":"Unhandled rejection:","service":"easy-alt-extension","timestamp":"2024-08-31T06:52:08.206Z"}
{"error":{"vslsStack":[{},{},{},{},{},{},{}]},"level":"error","message":"Unhandled rejection:","service":"easy-alt-extension","timestamp":"2024-08-31T06:52:08.521Z"}
{"error":{"vslsStack":[{},{},{},{},{},{},{}]},"level":"error","message":"Unhandled rejection:","service":"easy-alt-extension","timestamp":"2024-08-31T06:52:13.265Z"}
{"error":{"vslsStack":[{},{},{},{},{},{},{},{}]},"level":"error","message":"Unhandled rejection:","service":"easy-alt-extension","timestamp":"2024-08-31T06:52:18.325Z"}
{"error":{"vslsStack":[{},{},{},{},{},{},{}]},"level":"error","message":"Unhandled rejection:","service":"easy-alt-extension","timestamp":"2024-08-31T06:52:23.396Z"}
{"error":{"vslsStack":[{},{},{},{},{},{},{}]},"level":"error","message":"Unhandled rejection:","service":"easy-alt-extension","timestamp":"2024-08-31T06:52:28.454Z"}
{"error":{"vslsStack":[{},{},{},{},{},{},{}]},"level":"error","message":"Unhandled rejection:","service":"easy-alt-extension","timestamp":"2024-08-31T06:52:33.585Z"}
{"error":{"vslsStack":[{},{},{},{},{},{},{}]},"level":"error","message":"Unhandled rejection:","service":"easy-alt-extension","timestamp":"2024-08-31T06:52:38.632Z"}
{"error":{"vslsStack":[{},{},{},{},{},{},{}]},"level":"error","message":"Unhandled rejection:","service":"easy-alt-extension","timestamp":"2024-08-31T06:52:43.684Z"}
{"error":{"vslsStack":[{},{},{},{},{},{},{}]},"level":"error","message":"Unhandled rejection:","service":"easy-alt-extension","timestamp":"2024-08-31T06:52:48.745Z"}
{"error":{"vslsStack":[{},{},{},{},{},{},{}]},"level":"error","message":"Unhandled rejection:","service":"easy-alt-extension","timestamp":"2024-08-31T06:52:53.809Z"}
{"level":"info","message":"In ProcessDocument: Found 0 img tags","service":"easy-alt-extension","timestamp":"2024-08-31T06:52:54.752Z"}
{"error":{"vslsStack":[{},{},{},{},{},{},{}]},"level":"error","message":"Unhandled rejection:","service":"easy-alt-extension","timestamp":"2024-08-31T06:52:58.892Z"}
{"level":"info","message":"In ProcessDocument: Found 0 img tags","service":"easy-alt-extension","timestamp":"2024-08-31T06:53:03.617Z"}
{"error":{"vslsStack":[{},{},{},{},{},{},{}]},"level":"error","message":"Unhandled rejection:","service":"easy-alt-extension","timestamp":"2024-08-31T06:53:03.958Z"}
{"error":{"vslsStack":[{},{},{},{},{},{},{}]},"level":"error","message":"Unhandled rejection:","service":"easy-alt-extension","timestamp":"2024-08-31T06:53:09.277Z"}
{"level":"info","message":"In ProcessDocument: Found 0 img tags","service":"easy-alt-extension","timestamp":"2024-08-31T06:53:09.339Z"}
{"level":"info","message":"In ProcessDocument: Found 0 img tags","service":"easy-alt-extension","timestamp":"2024-08-31T06:53:09.502Z"}
{"level":"info","message":"In ProcessDocument: Found 0 img tags","service":"easy-alt-extension","timestamp":"2024-08-31T06:53:11.301Z"}
{"error":{"vslsStack":[{},{},{},{},{},{},{}]},"level":"error","message":"Unhandled rejection:","service":"easy-alt-extension","timestamp":"2024-08-31T06:53:14.333Z"}
{"error":{"vslsStack":[{},{},{},{},{},{},{}]},"level":"error","message":"Unhandled rejection:","service":"easy-alt-extension","timestamp":"2024-08-31T06:53:26.423Z"}
{"error":{"vslsStack":[{},{},{},{},{},{},{}]},"level":"error","message":"Unhandled rejection:","service":"easy-alt-extension","timestamp":"2024-08-31T06:53:31.488Z"}
{"error":{"vslsStack":[{},{},{},{},{},{},{}]},"level":"error","message":"Unhandled rejection:","service":"easy-alt-extension","timestamp":"2024-08-31T06:53:36.610Z"}
{"level":"info","message":"In ProcessDocument: Found 0 img tags","service":"easy-alt-extension","timestamp":"2024-08-31T06:53:37.294Z"}
{"error":{"vslsStack":[{},{},{},{},{},{},{}]},"level":"error","message":"Unhandled rejection:","service":"easy-alt-extension","timestamp":"2024-08-31T06:53:41.773Z"}
{"level":"info","message":"In ProcessDocument: Found 0 img tags","service":"easy-alt-extension","timestamp":"2024-08-31T06:53:41.905Z"}
{"error":{"vslsStack":[{},{},{}]},"level":"error","message":"Unhandled rejection:","service":"easy-alt-extension","timestamp":"2024-08-31T06:53:45.095Z"}
{"error":{"vslsStack":[{},{},{}]},"level":"error","message":"Unhandled rejection:","service":"easy-alt-extension","timestamp":"2024-08-31T06:53:45.516Z"}
{"error":{"vslsStack":[{},{},{}]},"level":"error","message":"Unhandled rejection:","service":"easy-alt-extension","timestamp":"2024-08-31T06:53:45.738Z"}
{"error":{"vslsStack":[{},{},{}]},"level":"error","message":"Unhandled rejection:","service":"easy-alt-extension","timestamp":"2024-08-31T06:53:45.838Z"}
{"error":{"vslsStack":[{},{},{}]},"level":"error","message":"Unhandled rejection:","service":"easy-alt-extension","timestamp":"2024-08-31T06:53:45.950Z"}
{"error":{"vslsStack":[{},{},{}]},"level":"error","message":"Unhandled rejection:","service":"easy-alt-extension","timestamp":"2024-08-31T06:53:46.394Z"}
{"error":{"vslsStack":[{},{},{}]},"level":"error","message":"Unhandled rejection:","service":"easy-alt-extension","timestamp":"2024-08-31T06:53:46.559Z"}
{"error":{"vslsStack":[{},{},{}]},"level":"error","message":"Unhandled rejection:","service":"easy-alt-extension","timestamp":"2024-08-31T06:53:46.658Z"}
{"error":{"vslsStack":[{},{},{}]},"level":"error","message":"Unhandled rejection:","service":"easy-alt-extension","timestamp":"2024-08-31T06:53:46.924Z"}
{"error":{"vslsStack":[{},{},{},{},{},{},{}]},"level":"error","message":"Unhandled rejection:","service":"easy-alt-extension","timestamp":"2024-08-31T06:53:47.088Z"}
{"error":{"vslsStack":[{},{},{},{},{},{},{}]},"level":"error","message":"Unhandled rejection:","service":"easy-alt-extension","timestamp":"2024-08-31T06:53:52.159Z"}
{"error":{"vslsStack":[{},{},{}]},"level":"error","message":"Unhandled rejection:","service":"easy-alt-extension","timestamp":"2024-08-31T06:53:53.456Z"}
{"error":{"vslsStack":[{},{},{}]},"level":"error","message":"Unhandled rejection:","service":"easy-alt-extension","timestamp":"2024-08-31T06:53:54.207Z"}
{"error":{"vslsStack":[{},{},{},{},{},{},{}]},"level":"error","message":"Unhandled rejection:","service":"easy-alt-extension","timestamp":"2024-08-31T06:53:59.338Z"}
{"error":{"vslsStack":[{},{},{},{},{},{},{}]},"level":"error","message":"Unhandled rejection:","service":"easy-alt-extension","timestamp":"2024-08-31T06:54:04.359Z"}
{"error":{"vslsStack":[{},{},{},{},{},{},{}]},"level":"error","message":"Unhandled rejection:","service":"easy-alt-extension","timestamp":"2024-08-31T06:54:09.453Z"}
{"error":{"vslsStack":[{},{},{},{},{},{},{}]},"level":"error","message":"Unhandled rejection:","service":"easy-alt-extension","timestamp":"2024-08-31T06:54:14.535Z"}
{"error":{"vslsStack":[{},{},{}]},"level":"error","message":"Unhandled rejection:","service":"easy-alt-extension","timestamp":"2024-08-31T06:58:56.266Z"}
{"error":{"vslsStack":[{},{},{}]},"level":"error","message":"Unhandled rejection:","service":"easy-alt-extension","timestamp":"2024-08-31T06:58:56.851Z"}
{"error":{"vslsStack":[{},{},{}]},"level":"error","message":"Unhandled rejection:","service":"easy-alt-extension","timestamp":"2024-08-31T06:58:56.974Z"}
{"error":{"vslsStack":[{},{},{}]},"level":"error","message":"Unhandled rejection:","service":"easy-alt-extension","timestamp":"2024-08-31T06:58:57.098Z"}
{"error":{"vslsStack":[{},{},{}]},"level":"error","message":"Unhandled rejection:","service":"easy-alt-extension","timestamp":"2024-08-31T06:58:57.221Z"}
{"error":{"vslsStack":[{},{},{}]},"level":"error","message":"Unhandled rejection:","service":"easy-alt-extension","timestamp":"2024-08-31T06:58:57.518Z"}
{"error":{"vslsStack":[{},{},{}]},"level":"error","message":"Unhandled rejection:","service":"easy-alt-extension","timestamp":"2024-08-31T06:58:57.628Z"}
{"error":{"vslsStack":[{},{},{}]},"level":"error","message":"Unhandled rejection:","service":"easy-alt-extension","timestamp":"2024-08-31T06:58:57.817Z"}
{"error":{"vslsStack":[{},{},{}]},"level":"error","message":"Unhandled rejection:","service":"easy-alt-extension","timestamp":"2024-08-31T06:58:57.993Z"}
{"error":{"vslsStack":[{},{},{}]},"level":"error","message":"Unhandled rejection:","service":"easy-alt-extension","timestamp":"2024-08-31T06:59:04.865Z"}
{"error":{"vslsStack":[{},{},{}]},"level":"error","message":"Unhandled rejection:","service":"easy-alt-extension","timestamp":"2024-08-31T06:59:05.097Z"}
{"error":{"vslsStack":[{},{},{}]},"level":"error","message":"Unhandled rejection:","service":"easy-alt-extension","timestamp":"2024-08-31T06:59:05.204Z"}
{"error":{"vslsStack":[{},{},{}]},"level":"error","message":"Unhandled rejection:","service":"easy-alt-extension","timestamp":"2024-08-31T06:59:05.331Z"}
{"error":{"vslsStack":[{},{},{}]},"level":"error","message":"Unhandled rejection:","service":"easy-alt-extension","timestamp":"2024-08-31T06:59:05.462Z"}
{"error":{"vslsStack":[{},{},{}]},"level":"error","message":"Unhandled rejection:","service":"easy-alt-extension","timestamp":"2024-08-31T06:59:05.609Z"}
{"error":{"vslsStack":[{},{},{}]},"level":"error","message":"Unhandled rejection:","service":"easy-alt-extension","timestamp":"2024-08-31T06:59:08.164Z"}
{"error":{"vslsStack":[{},{},{}]},"level":"error","message":"Unhandled rejection:","service":"easy-alt-extension","timestamp":"2024-08-31T06:59:08.276Z"}
{"error":{"vslsStack":[{},{},{}]},"level":"error","message":"Unhandled rejection:","service":"easy-alt-extension","timestamp":"2024-08-31T06:59:08.433Z"}
{"error":{"vslsStack":[{},{},{}]},"level":"error","message":"Unhandled rejection:","service":"easy-alt-extension","timestamp":"2024-08-31T06:59:08.650Z"}
{"error":{"vslsStack":[{},{},{}]},"level":"error","message":"Unhandled rejection:","service":"easy-alt-extension","timestamp":"2024-08-31T06:59:08.804Z"}
{"error":{"vslsStack":[{},{},{}]},"level":"error","message":"Unhandled rejection:","service":"easy-alt-extension","timestamp":"2024-08-31T06:59:09.021Z"}
{"error":{"vslsStack":[{},{},{}]},"level":"error","message":"Unhandled rejection:","service":"easy-alt-extension","timestamp":"2024-08-31T06:59:09.516Z"}
{"error":{"vslsStack":[{},{},{}]},"level":"error","message":"Unhandled rejection:","service":"easy-alt-extension","timestamp":"2024-08-31T06:59:09.693Z"}
{"error":{"vslsStack":[{},{},{}]},"level":"error","message":"Unhandled rejection:","service":"easy-alt-extension","timestamp":"2024-08-31T06:59:10.059Z"}
{"error":{"vslsStack":[{},{},{}]},"level":"error","message":"Unhandled rejection:","service":"easy-alt-extension","timestamp":"2024-08-31T06:59:10.225Z"}
{"error":{"vslsStack":[{},{},{}]},"level":"error","message":"Unhandled rejection:","service":"easy-alt-extension","timestamp":"2024-08-31T06:59:10.628Z"}
{"error":{"vslsStack":[{},{},{}]},"level":"error","message":"Unhandled rejection:","service":"easy-alt-extension","timestamp":"2024-08-31T06:59:10.736Z"}
{"error":{"vslsStack":[{},{},{}]},"level":"error","message":"Unhandled rejection:","service":"easy-alt-extension","timestamp":"2024-08-31T06:59:10.901Z"}
{"error":{"vslsStack":[{},{},{}]},"level":"error","message":"Unhandled rejection:","service":"easy-alt-extension","timestamp":"2024-08-31T06:59:11.283Z"}
{"error":{"vslsStack":[{},{},{}]},"level":"error","message":"Unhandled rejection:","service":"easy-alt-extension","timestamp":"2024-08-31T06:59:11.375Z"}
{"error":{"vslsStack":[{},{},{}]},"level":"error","message":"Unhandled rejection:","service":"easy-alt-extension","timestamp":"2024-08-31T06:59:11.461Z"}
{"error":{"vslsStack":[{},{},{}]},"level":"error","message":"Unhandled rejection:","service":"easy-alt-extension","timestamp":"2024-08-31T06:59:11.595Z"}
{"error":{"vslsStack":[{},{},{}]},"level":"error","message":"Unhandled rejection:","service":"easy-alt-extension","timestamp":"2024-08-31T06:59:12.321Z"}
{"error":{"vslsStack":[{},{},{}]},"level":"error","message":"Unhandled rejection:","service":"easy-alt-extension","timestamp":"2024-08-31T06:59:12.418Z"}
{"error":{"vslsStack":[{},{},{}]},"level":"error","message":"Unhandled rejection:","service":"easy-alt-extension","timestamp":"2024-08-31T06:59:12.691Z"}
{"error":{"vslsStack":[{},{},{}]},"level":"error","message":"Unhandled rejection:","service":"easy-alt-extension","timestamp":"2024-08-31T06:59:12.850Z"}
{"error":{"vslsStack":[{},{},{}]},"level":"error","message":"Unhandled rejection:","service":"easy-alt-extension","timestamp":"2024-08-31T06:59:12.971Z"}
{"error":{"vslsStack":[{},{},{}]},"level":"error","message":"Unhandled rejection:","service":"easy-alt-extension","timestamp":"2024-08-31T06:59:13.101Z"}
{"error":{"vslsStack":[{},{},{}]},"level":"error","message":"Unhandled rejection:","service":"easy-alt-extension","timestamp":"2024-08-31T06:59:13.620Z"}
{"error":{"vslsStack":[{},{},{}]},"level":"error","message":"Unhandled rejection:","service":"easy-alt-extension","timestamp":"2024-08-31T06:59:13.761Z"}
{"error":{"vslsStack":[{},{},{}]},"level":"error","message":"Unhandled rejection:","service":"easy-alt-extension","timestamp":"2024-08-31T06:59:13.905Z"}
{"error":{"vslsStack":[{},{},{}]},"level":"error","message":"Unhandled rejection:","service":"easy-alt-extension","timestamp":"2024-08-31T06:59:14.100Z"}
{"error":{"vslsStack":[{},{},{}]},"level":"error","message":"Unhandled rejection:","service":"easy-alt-extension","timestamp":"2024-08-31T06:59:14.224Z"}
{"error":{"vslsStack":[{},{},{}]},"level":"error","message":"Unhandled rejection:","service":"easy-alt-extension","timestamp":"2024-08-31T06:59:14.411Z"}
{"error":{"vslsStack":[{},{},{}]},"level":"error","message":"Unhandled rejection:","service":"easy-alt-extension","timestamp":"2024-08-31T06:59:15.288Z"}
{"error":{"vslsStack":[{},{},{}]},"level":"error","message":"Unhandled rejection:","service":"easy-alt-extension","timestamp":"2024-08-31T06:59:16.533Z"}
{"error":{"vslsStack":[{},{},{}]},"level":"error","message":"Unhandled rejection:","service":"easy-alt-extension","timestamp":"2024-08-31T06:59:16.678Z"}
{"error":{"vslsStack":[{},{},{}]},"level":"error","message":"Unhandled rejection:","service":"easy-alt-extension","timestamp":"2024-08-31T06:59:17.101Z"}
{"error":{"vslsStack":[{},{},{}]},"level":"error","message":"Unhandled rejection:","service":"easy-alt-extension","timestamp":"2024-08-31T06:59:17.427Z"}
{"error":{"vslsStack":[{},{},{}]},"level":"error","message":"Unhandled rejection:","service":"easy-alt-extension","timestamp":"2024-08-31T06:59:17.504Z"}
{"error":{"vslsStack":[{},{},{}]},"level":"error","message":"Unhandled rejection:","service":"easy-alt-extension","timestamp":"2024-08-31T06:59:17.651Z"}
{"error":{"vslsStack":[{},{},{}]},"level":"error","message":"Unhandled rejection:","service":"easy-alt-extension","timestamp":"2024-08-31T06:59:17.768Z"}
{"error":{"vslsStack":[{},{},{}]},"level":"error","message":"Unhandled rejection:","service":"easy-alt-extension","timestamp":"2024-08-31T06:59:18.334Z"}
{"error":{"vslsStack":[{},{},{}]},"level":"error","message":"Unhandled rejection:","service":"easy-alt-extension","timestamp":"2024-08-31T06:59:18.479Z"}
{"error":{"vslsStack":[{},{},{}]},"level":"error","message":"Unhandled rejection:","service":"easy-alt-extension","timestamp":"2024-08-31T06:59:18.626Z"}
{"error":{"vslsStack":[{},{},{}]},"level":"error","message":"Unhandled rejection:","service":"easy-alt-extension","timestamp":"2024-08-31T06:59:18.776Z"}
{"error":{"vslsStack":[{},{},{}]},"level":"error","message":"Unhandled rejection:","service":"easy-alt-extension","timestamp":"2024-08-31T06:59:18.930Z"}
{"error":{"vslsStack":[{},{},{}]},"level":"error","message":"Unhandled rejection:","service":"easy-alt-extension","timestamp":"2024-08-31T06:59:19.090Z"}
{"error":{"vslsStack":[{},{},{}]},"level":"error","message":"Unhandled rejection:","service":"easy-alt-extension","timestamp":"2024-08-31T06:59:19.259Z"}
{"error":{"vslsStack":[{},{},{}]},"level":"error","message":"Unhandled rejection:","service":"easy-alt-extension","timestamp":"2024-08-31T06:59:19.374Z"}
{"error":{"vslsStack":[{},{},{}]},"level":"error","message":"Unhandled rejection:","service":"easy-alt-extension","timestamp":"2024-08-31T06:59:19.471Z"}
{"error":{"vslsStack":[{},{},{}]},"level":"error","message":"Unhandled rejection:","service":"easy-alt-extension","timestamp":"2024-08-31T06:59:19.605Z"}
{"error":{"vslsStack":[{},{},{}]},"level":"error","message":"Unhandled rejection:","service":"easy-alt-extension","timestamp":"2024-08-31T06:59:19.771Z"}
{"error":{"vslsStack":[{},{},{}]},"level":"error","message":"Unhandled rejection:","service":"easy-alt-extension","timestamp":"2024-08-31T06:59:19.929Z"}
{"error":{"vslsStack":[{},{},{}]},"level":"error","message":"Unhandled rejection:","service":"easy-alt-extension","timestamp":"2024-08-31T06:59:20.408Z"}
{"error":{"vslsStack":[{},{},{}]},"level":"error","message":"Unhandled rejection:","service":"easy-alt-extension","timestamp":"2024-08-31T06:59:20.570Z"}
{"error":{"vslsStack":[{},{},{}]},"level":"error","message":"Unhandled rejection:","service":"easy-alt-extension","timestamp":"2024-08-31T06:59:20.727Z"}
{"error":{"vslsStack":[{},{},{}]},"level":"error","message":"Unhandled rejection:","service":"easy-alt-extension","timestamp":"2024-08-31T06:59:20.833Z"}
{"error":{"vslsStack":[{},{},{}]},"level":"error","message":"Unhandled rejection:","service":"easy-alt-extension","timestamp":"2024-08-31T06:59:21.188Z"}
{"error":{"vslsStack":[{},{},{}]},"level":"error","message":"Unhandled rejection:","service":"easy-alt-extension","timestamp":"2024-08-31T06:59:21.619Z"}
{"error":{"vslsStack":[{},{},{}]},"level":"error","message":"Unhandled rejection:","service":"easy-alt-extension","timestamp":"2024-08-31T06:59:21.823Z"}
{"error":{"vslsStack":[{},{},{}]},"level":"error","message":"Unhandled rejection:","service":"easy-alt-extension","timestamp":"2024-08-31T06:59:21.985Z"}
{"error":{"vslsStack":[{},{},{}]},"level":"error","message":"Unhandled rejection:","service":"easy-alt-extension","timestamp":"2024-08-31T06:59:22.099Z"}
{"error":{"vslsStack":[{},{},{}]},"level":"error","message":"Unhandled rejection:","service":"easy-alt-extension","timestamp":"2024-08-31T06:59:22.276Z"}
{"error":{"vslsStack":[{},{},{}]},"level":"error","message":"Unhandled rejection:","service":"easy-alt-extension","timestamp":"2024-08-31T06:59:22.434Z"}
{"error":{"vslsStack":[{},{},{}]},"level":"error","message":"Unhandled rejection:","service":"easy-alt-extension","timestamp":"2024-08-31T06:59:22.492Z"}
{"error":{"vslsStack":[{},{},{}]},"level":"error","message":"Unhandled rejection:","service":"easy-alt-extension","timestamp":"2024-08-31T06:59:22.698Z"}
{"error":{"vslsStack":[{},{},{}]},"level":"error","message":"Unhandled rejection:","service":"easy-alt-extension","timestamp":"2024-08-31T06:59:22.823Z"}
{"error":{"vslsStack":[{},{},{}]},"level":"error","message":"Unhandled rejection:","service":"easy-alt-extension","timestamp":"2024-08-31T06:59:22.964Z"}
{"error":{"vslsStack":[{},{},{}]},"level":"error","message":"Unhandled rejection:","service":"easy-alt-extension","timestamp":"2024-08-31T06:59:23.393Z"}
{"error":{"vslsStack":[{},{},{}]},"level":"error","message":"Unhandled rejection:","service":"easy-alt-extension","timestamp":"2024-08-31T06:59:23.736Z"}
{"error":{"vslsStack":[{},{},{}]},"level":"error","message":"Unhandled rejection:","service":"easy-alt-extension","timestamp":"2024-08-31T06:59:24.034Z"}
{"error":{"vslsStack":[{},{},{}]},"level":"error","message":"Unhandled rejection:","service":"easy-alt-extension","timestamp":"2024-08-31T06:59:24.242Z"}
{"error":{"vslsStack":[{},{},{}]},"level":"error","message":"Unhandled rejection:","service":"easy-alt-extension","timestamp":"2024-08-31T06:59:24.739Z"}
{"error":{"vslsStack":[{},{},{}]},"level":"error","message":"Unhandled rejection:","service":"easy-alt-extension","timestamp":"2024-08-31T06:59:24.866Z"}
{"error":{"vslsStack":[{},{},{}]},"level":"error","message":"Unhandled rejection:","service":"easy-alt-extension","timestamp":"2024-08-31T06:59:25.030Z"}
{"error":{"vslsStack":[{},{},{}]},"level":"error","message":"Unhandled rejection:","service":"easy-alt-extension","timestamp":"2024-08-31T06:59:25.145Z"}
{"error":{"vslsStack":[{},{},{}]},"level":"error","message":"Unhandled rejection:","service":"easy-alt-extension","timestamp":"2024-08-31T06:59:25.329Z"}
{"error":{"vslsStack":[{},{},{}]},"level":"error","message":"Unhandled rejection:","service":"easy-alt-extension","timestamp":"2024-08-31T06:59:25.548Z"}
{"error":{"vslsStack":[{},{},{}]},"level":"error","message":"Unhandled rejection:","service":"easy-alt-extension","timestamp":"2024-08-31T06:59:25.680Z"}
{"error":{"vslsStack":[{},{},{}]},"level":"error","message":"Unhandled rejection:","service":"easy-alt-extension","timestamp":"2024-08-31T06:59:25.850Z"}
{"error":{"vslsStack":[{},{},{}]},"level":"error","message":"Unhandled rejection:","service":"easy-alt-extension","timestamp":"2024-08-31T06:59:26.048Z"}
{"error":{"vslsStack":[{},{},{}]},"level":"error","message":"Unhandled rejection:","service":"easy-alt-extension","timestamp":"2024-08-31T06:59:26.147Z"}
{"error":{"vslsStack":[{},{},{}]},"level":"error","message":"Unhandled rejection:","service":"easy-alt-extension","timestamp":"2024-08-31T06:59:26.312Z"}
{"error":{"vslsStack":[{},{},{}]},"level":"error","message":"Unhandled rejection:","service":"easy-alt-extension","timestamp":"2024-08-31T06:59:26.509Z"}
{"error":{"vslsStack":[{},{},{}]},"level":"error","message":"Unhandled rejection:","service":"easy-alt-extension","timestamp":"2024-08-31T06:59:26.677Z"}
{"error":{"vslsStack":[{},{},{}]},"level":"error","message":"Unhandled rejection:","service":"easy-alt-extension","timestamp":"2024-08-31T06:59:26.817Z"}
{"error":{"vslsStack":[{},{},{}]},"level":"error","message":"Unhandled rejection:","service":"easy-alt-extension","timestamp":"2024-08-31T06:59:27.271Z"}
{"error":{"vslsStack":[{},{},{}]},"level":"error","message":"Unhandled rejection:","service":"easy-alt-extension","timestamp":"2024-08-31T06:59:27.302Z"}
{"error":{"vslsStack":[{},{},{}]},"level":"error","message":"Unhandled rejection:","service":"easy-alt-extension","timestamp":"2024-08-31T06:59:27.611Z"}
{"error":{"vslsStack":[{},{},{}]},"level":"error","message":"Unhandled rejection:","service":"easy-alt-extension","timestamp":"2024-08-31T06:59:27.740Z"}
{"error":{"vslsStack":[{},{},{}]},"level":"error","message":"Unhandled rejection:","service":"easy-alt-extension","timestamp":"2024-08-31T06:59:28.021Z"}
{"error":{"vslsStack":[{},{},{}]},"level":"error","message":"Unhandled rejection:","service":"easy-alt-extension","timestamp":"2024-08-31T06:59:28.203Z"}
{"error":{"vslsStack":[{},{},{}]},"level":"error","message":"Unhandled rejection:","service":"easy-alt-extension","timestamp":"2024-08-31T06:59:29.136Z"}
{"error":{"vslsStack":[{},{},{}]},"level":"error","message":"Unhandled rejection:","service":"easy-alt-extension","timestamp":"2024-08-31T06:59:29.228Z"}
{"error":{"vslsStack":[{},{},{}]},"level":"error","message":"Unhandled rejection:","service":"easy-alt-extension","timestamp":"2024-08-31T06:59:29.420Z"}
{"error":{"vslsStack":[{},{},{}]},"level":"error","message":"Unhandled rejection:","service":"easy-alt-extension","timestamp":"2024-08-31T06:59:29.558Z"}
{"error":{"vslsStack":[{},{},{}]},"level":"error","message":"Unhandled rejection:","service":"easy-alt-extension","timestamp":"2024-08-31T06:59:29.693Z"}
{"error":{"vslsStack":[{},{},{},{},{},{},{}]},"level":"error","message":"Unhandled rejection:","service":"easy-alt-extension","timestamp":"2024-08-31T06:59:39.474Z"}
{"error":{"vslsStack":[{},{},{}]},"level":"error","message":"Unhandled rejection:","service":"easy-alt-extension","timestamp":"2024-08-31T06:59:40.714Z"}
{"error":{"vslsStack":[{},{},{}]},"level":"error","message":"Unhandled rejection:","service":"easy-alt-extension","timestamp":"2024-08-31T06:59:41.265Z"}
{"error":{"vslsStack":[{},{},{}]},"level":"error","message":"Unhandled rejection:","service":"easy-alt-extension","timestamp":"2024-08-31T06:59:42.061Z"}
{"error":{"vslsStack":[{},{},{}]},"level":"error","message":"Unhandled rejection:","service":"easy-alt-extension","timestamp":"2024-08-31T06:59:42.349Z"}
{"error":{"vslsStack":[{},{},{}]},"level":"error","message":"Unhandled rejection:","service":"easy-alt-extension","timestamp":"2024-08-31T06:59:42.634Z"}
{"error":{"vslsStack":[{},{},{}]},"level":"error","message":"Unhandled rejection:","service":"easy-alt-extension","timestamp":"2024-08-31T06:59:42.724Z"}
{"error":{"vslsStack":[{},{},{}]},"level":"error","message":"Unhandled rejection:","service":"easy-alt-extension","timestamp":"2024-08-31T06:59:42.996Z"}
{"error":{"vslsStack":[{},{},{}]},"level":"error","message":"Unhandled rejection:","service":"easy-alt-extension","timestamp":"2024-08-31T06:59:43.348Z"}
{"error":{"vslsStack":[{},{},{}]},"level":"error","message":"Unhandled rejection:","service":"easy-alt-extension","timestamp":"2024-08-31T06:59:43.869Z"}
{"error":{"vslsStack":[{},{},{}]},"level":"error","message":"Unhandled rejection:","service":"easy-alt-extension","timestamp":"2024-08-31T06:59:43.950Z"}
{"error":{"vslsStack":[{},{},{}]},"level":"error","message":"Unhandled rejection:","service":"easy-alt-extension","timestamp":"2024-08-31T06:59:44.094Z"}
{"error":{"vslsStack":[{},{},{}]},"level":"error","message":"Unhandled rejection:","service":"easy-alt-extension","timestamp":"2024-08-31T06:59:44.218Z"}
{"error":{"vslsStack":[{},{},{}]},"level":"error","message":"Unhandled rejection:","service":"easy-alt-extension","timestamp":"2024-08-31T06:59:44.479Z"}
{"error":{"vslsStack":[{},{},{}]},"level":"error","message":"Unhandled rejection:","service":"easy-alt-extension","timestamp":"2024-08-31T06:59:44.665Z"}
{"error":{"vslsStack":[{},{},{},{},{},{},{}]},"level":"error","message":"Unhandled rejection:","service":"easy-alt-extension","timestamp":"2024-08-31T06:59:44.769Z"}
{"error":{"vslsStack":[{},{},{}]},"level":"error","message":"Unhandled rejection:","service":"easy-alt-extension","timestamp":"2024-08-31T06:59:44.986Z"}
{"error":{"vslsStack":[{},{},{},{},{},{},{}]},"level":"error","message":"Unhandled rejection:","service":"easy-alt-extension","timestamp":"2024-08-31T06:59:49.886Z"}
{"error":{"vslsStack":[{},{},{},{},{},{},{}]},"level":"error","message":"Unhandled rejection:","service":"easy-alt-extension","timestamp":"2024-08-31T07:00:09.291Z"}
{"error":{"vslsStack":[{},{},{},{},{},{},{}]},"level":"error","message":"Unhandled rejection:","service":"easy-alt-extension","timestamp":"2024-08-31T07:00:14.379Z"}
{"level":"info","message":"In ProcessDocument: Found 0 img tags","service":"easy-alt-extension","timestamp":"2024-08-31T07:00:17.154Z"}
{"level":"info","message":"In ProcessDocument: Found 0 img tags","service":"easy-alt-extension","timestamp":"2024-08-31T07:00:20.898Z"}
{"level":"info","message":"In ProcessDocument: Found 0 img tags","service":"easy-alt-extension","timestamp":"2024-08-31T07:00:21.001Z"}
{"error":{"vslsStack":[{},{},{},{},{},{},{}]},"level":"error","message":"Unhandled rejection:","service":"easy-alt-extension","timestamp":"2024-08-31T07:00:21.253Z"}
{"error":{"vslsStack":[{},{},{},{},{},{},{}]},"level":"error","message":"Unhandled rejection:","service":"easy-alt-extension","timestamp":"2024-08-31T07:00:26.318Z"}
{"error":{"vslsStack":[{},{},{},{},{},{},{}]},"level":"error","message":"Unhandled rejection:","service":"easy-alt-extension","timestamp":"2024-08-31T07:00:31.395Z"}
{"error":{"vslsStack":[{},{},{},{},{},{},{}]},"level":"error","message":"Unhandled rejection:","service":"easy-alt-extension","timestamp":"2024-08-31T07:00:36.472Z"}
{"error":{"vslsStack":[{},{},{},{},{},{},{}]},"level":"error","message":"Unhandled rejection:","service":"easy-alt-extension","timestamp":"2024-08-31T07:00:41.550Z"}
{"error":{"vslsStack":[{},{},{},{},{},{},{}]},"level":"error","message":"Unhandled rejection:","service":"easy-alt-extension","timestamp":"2024-08-31T07:00:46.642Z"}
{"error":{"vslsStack":[{},{},{},{},{},{},{}]},"level":"error","message":"Unhandled rejection:","service":"easy-alt-extension","timestamp":"2024-08-31T07:00:51.709Z"}
